<?xml version="1.0" encoding="UTF-8"?>
<!-- Generated by org.testng.reporters.JUnitXMLReporter -->
<testsuite ignored="2" hostname="user1-H310M-H" failures="0" tests="17" name="WMS Regression Tests" time="767.285" errors="0" timestamp="2026-04-13T11:08:00 IST">
  <testcase classname="testCases.TC002_SigninPositiveTest" name="verify_successful_signin_with_valid_credentials" time="7.106"/>
  <testcase classname="testCases.TC002_SigninPositiveTest" name="verify_signin_with_alphanumeric_username" time="9.501"/>
  <testcase classname="testCases.TC002_SigninPositiveTest" name="verify_signin_with_minimum_length_password" time="7.06"/>
  <testcase classname="testCases.TC002_SigninPositiveTest" name="verify_signin_button_enabled_when_fields_filled" time="8.526"/>
  <testcase classname="testCases.TC002_SigninPositiveTest" name="verify_successful_signin_and_user_session" time="11.646"/>
  <testcase classname="testCases.TC003_SigninNegativeTest" name="verify_signin_fails_with_invalid_username" time="64.862"/>
  <testcase classname="testCases.TC003_SigninNegativeTest" name="verify_signin_fails_with_invalid_password" time="65.29"/>
  <testcase classname="testCases.TC003_SigninNegativeTest" name="verify_signin_fails_with_both_invalid_credentials" time="64.368"/>
  <testcase classname="testCases.TC003_SigninNegativeTest" name="verify_signin_fails_with_empty_username" time="63.752"/>
  <testcase classname="testCases.TC003_SigninNegativeTest" name="verify_signin_fails_with_empty_password" time="63.704"/>
  <testcase classname="testCases.TC003_SigninNegativeTest" name="verify_signin_fails_with_both_fields_empty" time="63.623"/>
  <testcase classname="testCases.TC003_SigninNegativeTest" name="verify_signin_fails_with_sql_injection_in_username" time="33.084"/>
  <testcase classname="testCases.TC003_SigninNegativeTest" name="verify_signin_fails_with_xss_attempt_in_username" time="33.172"/>
  <testcase classname="testCases.TC003_SigninNegativeTest" name="verify_signin_fails_with_very_long_username" time="3.466"/>
  <testcase classname="testCases.TC003_SigninNegativeTest" name="verify_signin_fails_with_username_containing_only_spaces" time="63.793"/>
  <testcase classname="testCases.TC003_SigninNegativeTest" name="verify_signin_fails_with_case_sensitive_password_mismatch" time="33.096"/>
  <testcase classname="testCases.TC003_SigninNegativeTest" name="verify_signin_fails_with_invalid_password_format" time="34.168"/>
  <testcase classname="testBase.BaseClass" name="@AfterSuite closeDriver" time="0.0">
    <ignored/>
  </testcase> <!-- @AfterSuite closeDriver -->
  <testcase classname="testCases.TC002_SigninPositiveTest" name="verify_signin_with_username_containing_underscore" time="0.0">
    <ignored/>
  </testcase> <!-- verify_signin_with_username_containing_underscore -->
</testsuite> <!-- WMS Regression Tests -->
