<?xml version="1.0" encoding="UTF-8"?>
<!-- Generated by org.testng.reporters.JUnitXMLReporter -->
<testsuite ignored="2" hostname="user1-H310M-H" failures="0" tests="17" name="WMS Regression Tests" time="719.249" errors="0" timestamp="2026-04-20T12:42:30 IST">
  <testcase classname="testCases.TC002_SigninPositiveTest" name="verify_successful_signin_with_valid_credentials" time="6.25"/>
  <testcase classname="testCases.TC002_SigninPositiveTest" name="verify_signin_with_alphanumeric_username" time="6.957"/>
  <testcase classname="testCases.TC002_SigninPositiveTest" name="verify_signin_with_minimum_length_password" time="7.433"/>
  <testcase classname="testCases.TC002_SigninPositiveTest" name="verify_signin_button_enabled_when_fields_filled" time="8.111"/>
  <testcase classname="testCases.TC002_SigninPositiveTest" name="verify_successful_signin_and_user_session" time="8.855"/>
  <testcase classname="testCases.TC003_SigninNegativeTest" name="verify_signin_fails_with_invalid_username" time="63.896"/>
  <testcase classname="testCases.TC003_SigninNegativeTest" name="verify_signin_fails_with_invalid_password" time="63.851"/>
  <testcase classname="testCases.TC003_SigninNegativeTest" name="verify_signin_fails_with_both_invalid_credentials" time="63.958"/>
  <testcase classname="testCases.TC003_SigninNegativeTest" name="verify_signin_fails_with_empty_username" time="63.842"/>
  <testcase classname="testCases.TC003_SigninNegativeTest" name="verify_signin_fails_with_empty_password" time="63.745"/>
  <testcase classname="testCases.TC003_SigninNegativeTest" name="verify_signin_fails_with_both_fields_empty" time="63.729"/>
  <testcase classname="testCases.TC003_SigninNegativeTest" name="verify_signin_fails_with_sql_injection_in_username" time="34.122"/>
  <testcase classname="testCases.TC003_SigninNegativeTest" name="verify_signin_fails_with_xss_attempt_in_username" time="34.074"/>
  <testcase classname="testCases.TC003_SigninNegativeTest" name="verify_signin_fails_with_very_long_username" time="2.56"/>
  <testcase classname="testCases.TC003_SigninNegativeTest" name="verify_signin_fails_with_username_containing_only_spaces" time="63.828"/>
  <testcase classname="testCases.TC003_SigninNegativeTest" name="verify_signin_fails_with_case_sensitive_password_mismatch" time="33.237"/>
  <testcase classname="testCases.TC003_SigninNegativeTest" name="verify_signin_fails_with_invalid_password_format" time="34.134"/>
  <testcase classname="testBase.BaseClass" name="@AfterSuite closeDriver" time="0.0">
    <ignored/>
  </testcase> <!-- @AfterSuite closeDriver -->
  <testcase classname="testCases.TC002_SigninPositiveTest" name="verify_signin_with_username_containing_underscore" time="0.0">
    <ignored/>
  </testcase> <!-- verify_signin_with_username_containing_underscore -->
</testsuite> <!-- WMS Regression Tests -->
