<?xml version="1.0" encoding="UTF-8"?>
<!-- Generated by org.testng.reporters.JUnitXMLReporter -->
<testsuite ignored="1" hostname="user1-H310M-H" failures="1" tests="2" name="Test(failed)" time="74.655" errors="0" timestamp="2025-12-06T17:22:39 IST">
  <testcase classname="testCases.TC001_SigninTest" name="verify_account_signin" time="20.258"/>
  <testcase classname="testCases.TC004_MultipleZoneFilterTest" name="verifyMultipleZoneFiltering" time="49.136">
    <failure type="java.lang.AssertionError" message="Zone filter field is not visible on Sales Order Filter screen. expected [true] but found [false]">
      <![CDATA[java.lang.AssertionError: Zone filter field is not visible on Sales Order Filter screen. expected [true] but found [false]
at testCases.TC004_MultipleZoneFilterTest.verifyMultipleZoneFiltering(TC004_MultipleZoneFilterTest.java:69)
at java.base/java.util.ArrayList.forEach(ArrayList.java:1541)
... Removed 30 stack frames]]>
    </failure>
  </testcase> <!-- verifyMultipleZoneFiltering -->
  <testcase classname="testBase.BaseClass" name="@AfterSuite closeDriver" time="0.0">
    <ignored/>
  </testcase> <!-- @AfterSuite closeDriver -->
</testsuite> <!-- Test(failed) -->
