<?xml version="1.0" encoding="UTF-8"?>
<!-- Generated by org.testng.reporters.JUnitXMLReporter -->
<testsuite ignored="0" hostname="DESKTOP-8K8QDM6" failures="1" tests="1" name="Test" time="34.269" errors="0" timestamp="2025-10-28T21:45:55 IST">
  <testcase classname="testCases.TC002_SigninTest" name="verify_account_signin" time="17.331">
    <failure type="java.lang.AssertionError" message="expected [true] but found [false]">
      <![CDATA[java.lang.AssertionError: expected [true] but found [false]
at testCases.TC002_SigninTest.verify_account_signin(TC002_SigninTest.java:35)
at java.base/java.util.ArrayList.forEach(ArrayList.java:1597)
... Removed 29 stack frames]]>
    </failure>
  </testcase> <!-- verify_account_signin -->
</testsuite> <!-- Test -->
