<?xml version="1.0" encoding="UTF-8"?>
<!-- Generated by org.testng.reporters.JUnitXMLReporter -->
<testsuite ignored="0" hostname="user1-H310M-H" failures="1" tests="1" name="Backorder Regression Tests" time="58.722" errors="0" timestamp="2026-04-21T18:11:40 IST">
  <testcase classname="testCases.TC050_BackorderRuleTest" name="verifyBackorderDisabledPutsOrderOnHold" time="50.85">
    <failure type="java.lang.AssertionError" message="Test failed: Expected condition failed: waiting for element to be clickable: Proxy element for: DefaultElementLocator &amp;apos;By.xpath: //span[normalize-space()=&amp;apos;Product&amp;apos;]&amp;apos; (tried for 15 second(s) with 500 milliseconds interval)">
      <![CDATA[java.lang.AssertionError: Test failed: Expected condition failed: waiting for element to be clickable: Proxy element for: DefaultElementLocator 'By.xpath: //span[normalize-space()='Product']' (tried for 15 second(s) with 500 milliseconds interval)
at testCases.TC050_BackorderRuleTest.verifyBackorderDisabledPutsOrderOnHold(TC050_BackorderRuleTest.java:118)
at java.base/java.util.ArrayList.forEach(ArrayList.java:1541)
... Removed 28 stack frames]]>
    </failure>
  </testcase> <!-- verifyBackorderDisabledPutsOrderOnHold -->
</testsuite> <!-- Backorder Regression Tests -->
