<?xml version="1.0" encoding="UTF-8"?>
<!-- Generated by org.testng.reporters.JUnitXMLReporter -->
<testsuite ignored="8" hostname="user1-H310M-H" failures="0" tests="9" name="Pack UOM Module Tests" time="0.105" errors="0" timestamp="2025-12-10T19:19:42 IST">
  <testcase classname="testBase.BaseClass" name="@BeforeClass setup" time="-1.765374582769E9">
    <failure type="org.testng.TestNGException" message="
Parameter &amp;apos;os&amp;apos; is required by BeforeClass on method setup but has not been marked @Optional or defined
in /home/user1/Downloads/WMS_Refactor_3_6_9_logixgrid/packuom_test_suite.xml">
      <![CDATA[org.testng.TestNGException: 
Parameter 'os' is required by BeforeClass on method setup but has not been marked @Optional or defined
in /home/user1/Downloads/WMS_Refactor_3_6_9_logixgrid/packuom_test_suite.xml
at java.base/java.util.ArrayList.forEach(ArrayList.java:1541)
... Removed 22 stack frames]]>
    </failure>
  </testcase> <!-- @BeforeClass setup -->
  <testcase classname="testBase.BaseClass" name="@AfterClass tearDown" time="0.0">
    <skipped/>
  </testcase> <!-- @AfterClass tearDown -->
  <testcase classname="testBase.BaseClass" name="@BeforeClass setup" time="-1.765374582805E9">
    <failure type="org.testng.TestNGException" message="
Parameter &amp;apos;os&amp;apos; is required by BeforeClass on method setup but has not been marked @Optional or defined
in /home/user1/Downloads/WMS_Refactor_3_6_9_logixgrid/packuom_test_suite.xml">
      <![CDATA[org.testng.TestNGException: 
Parameter 'os' is required by BeforeClass on method setup but has not been marked @Optional or defined
in /home/user1/Downloads/WMS_Refactor_3_6_9_logixgrid/packuom_test_suite.xml
at java.base/java.util.ArrayList.forEach(ArrayList.java:1541)
... Removed 22 stack frames]]>
    </failure>
  </testcase> <!-- @BeforeClass setup -->
  <testcase classname="testBase.BaseClass" name="@AfterClass tearDown" time="0.0">
    <skipped/>
  </testcase> <!-- @AfterClass tearDown -->
  <testcase classname="testBase.BaseClass" name="@BeforeClass setup" time="-1.765374582812E9">
    <failure type="org.testng.TestNGException" message="
Parameter &amp;apos;os&amp;apos; is required by BeforeClass on method setup but has not been marked @Optional or defined
in /home/user1/Downloads/WMS_Refactor_3_6_9_logixgrid/packuom_test_suite.xml">
      <![CDATA[org.testng.TestNGException: 
Parameter 'os' is required by BeforeClass on method setup but has not been marked @Optional or defined
in /home/user1/Downloads/WMS_Refactor_3_6_9_logixgrid/packuom_test_suite.xml
at java.base/java.util.ArrayList.forEach(ArrayList.java:1541)
... Removed 22 stack frames]]>
    </failure>
  </testcase> <!-- @BeforeClass setup -->
  <testcase classname="testBase.BaseClass" name="@AfterClass tearDown" time="0.0">
    <skipped/>
  </testcase> <!-- @AfterClass tearDown -->
  <testcase classname="testBase.BaseClass" name="@BeforeClass setup" time="-1.765374582819E9">
    <failure type="org.testng.TestNGException" message="
Parameter &amp;apos;os&amp;apos; is required by BeforeClass on method setup but has not been marked @Optional or defined
in /home/user1/Downloads/WMS_Refactor_3_6_9_logixgrid/packuom_test_suite.xml">
      <![CDATA[org.testng.TestNGException: 
Parameter 'os' is required by BeforeClass on method setup but has not been marked @Optional or defined
in /home/user1/Downloads/WMS_Refactor_3_6_9_logixgrid/packuom_test_suite.xml
at java.base/java.util.ArrayList.forEach(ArrayList.java:1541)
... Removed 22 stack frames]]>
    </failure>
  </testcase> <!-- @BeforeClass setup -->
  <testcase classname="testBase.BaseClass" name="@AfterClass tearDown" time="0.0">
    <skipped/>
  </testcase> <!-- @AfterClass tearDown -->
  <testcase classname="testBase.BaseClass" name="@BeforeClass setup" time="-1.765374582824E9">
    <failure type="org.testng.TestNGException" message="
Parameter &amp;apos;os&amp;apos; is required by BeforeClass on method setup but has not been marked @Optional or defined
in /home/user1/Downloads/WMS_Refactor_3_6_9_logixgrid/packuom_test_suite.xml">
      <![CDATA[org.testng.TestNGException: 
Parameter 'os' is required by BeforeClass on method setup but has not been marked @Optional or defined
in /home/user1/Downloads/WMS_Refactor_3_6_9_logixgrid/packuom_test_suite.xml
at java.base/java.util.ArrayList.forEach(ArrayList.java:1541)
... Removed 22 stack frames]]>
    </failure>
  </testcase> <!-- @BeforeClass setup -->
  <testcase classname="testBase.BaseClass" name="@AfterClass tearDown" time="0.0">
    <skipped/>
  </testcase> <!-- @AfterClass tearDown -->
  <testcase classname="testBase.BaseClass" name="@BeforeClass setup" time="-1.76537458283E9">
    <failure type="org.testng.TestNGException" message="
Parameter &amp;apos;os&amp;apos; is required by BeforeClass on method setup but has not been marked @Optional or defined
in /home/user1/Downloads/WMS_Refactor_3_6_9_logixgrid/packuom_test_suite.xml">
      <![CDATA[org.testng.TestNGException: 
Parameter 'os' is required by BeforeClass on method setup but has not been marked @Optional or defined
in /home/user1/Downloads/WMS_Refactor_3_6_9_logixgrid/packuom_test_suite.xml
at java.base/java.util.ArrayList.forEach(ArrayList.java:1541)
... Removed 22 stack frames]]>
    </failure>
  </testcase> <!-- @BeforeClass setup -->
  <testcase classname="testBase.BaseClass" name="@AfterClass tearDown" time="0.0">
    <skipped/>
  </testcase> <!-- @AfterClass tearDown -->
  <testcase classname="testBase.BaseClass" name="@BeforeClass setup" time="-1.765374582835E9">
    <failure type="org.testng.TestNGException" message="
Parameter &amp;apos;os&amp;apos; is required by BeforeClass on method setup but has not been marked @Optional or defined
in /home/user1/Downloads/WMS_Refactor_3_6_9_logixgrid/packuom_test_suite.xml">
      <![CDATA[org.testng.TestNGException: 
Parameter 'os' is required by BeforeClass on method setup but has not been marked @Optional or defined
in /home/user1/Downloads/WMS_Refactor_3_6_9_logixgrid/packuom_test_suite.xml
at java.base/java.util.ArrayList.forEach(ArrayList.java:1541)
... Removed 22 stack frames]]>
    </failure>
  </testcase> <!-- @BeforeClass setup -->
  <testcase classname="testBase.BaseClass" name="@AfterClass tearDown" time="0.0">
    <skipped/>
  </testcase> <!-- @AfterClass tearDown -->
  <testcase classname="testBase.BaseClass" name="@BeforeClass setup" time="-1.765374582841E9">
    <failure type="org.testng.TestNGException" message="
Parameter &amp;apos;os&amp;apos; is required by BeforeClass on method setup but has not been marked @Optional or defined
in /home/user1/Downloads/WMS_Refactor_3_6_9_logixgrid/packuom_test_suite.xml">
      <![CDATA[org.testng.TestNGException: 
Parameter 'os' is required by BeforeClass on method setup but has not been marked @Optional or defined
in /home/user1/Downloads/WMS_Refactor_3_6_9_logixgrid/packuom_test_suite.xml
at java.base/java.util.ArrayList.forEach(ArrayList.java:1541)
... Removed 22 stack frames]]>
    </failure>
  </testcase> <!-- @BeforeClass setup -->
  <testcase classname="testBase.BaseClass" name="@AfterClass tearDown" time="0.0">
    <skipped/>
  </testcase> <!-- @AfterClass tearDown -->
  <testcase classname="testBase.BaseClass" name="@BeforeClass setup" time="-1.765374582846E9">
    <failure type="org.testng.TestNGException" message="
Parameter &amp;apos;os&amp;apos; is required by BeforeClass on method setup but has not been marked @Optional or defined
in /home/user1/Downloads/WMS_Refactor_3_6_9_logixgrid/packuom_test_suite.xml">
      <![CDATA[org.testng.TestNGException: 
Parameter 'os' is required by BeforeClass on method setup but has not been marked @Optional or defined
in /home/user1/Downloads/WMS_Refactor_3_6_9_logixgrid/packuom_test_suite.xml
at java.base/java.util.ArrayList.forEach(ArrayList.java:1541)
... Removed 22 stack frames]]>
    </failure>
  </testcase> <!-- @BeforeClass setup -->
  <testcase classname="testBase.BaseClass" name="@AfterClass tearDown" time="0.0">
    <skipped/>
  </testcase> <!-- @AfterClass tearDown -->
  <testcase classname="testCases.TC009_PackConfigCreateTest" name="verify_pack_config_creation_with_mandatory_fields" time="0.0">
    <skipped/>
  </testcase> <!-- verify_pack_config_creation_with_mandatory_fields -->
  <testcase classname="testCases.TC010_VolumeCalculationTest" name="verify_auto_volume_calculation" time="0.0">
    <skipped/>
  </testcase> <!-- verify_auto_volume_calculation -->
  <testcase classname="testCases.TC011_DuplicateConfigTest" name="verify_duplicate_config_name_validation" time="0.0">
    <skipped/>
  </testcase> <!-- verify_duplicate_config_name_validation -->
  <testcase classname="testCases.TC012_EditAllowedTest" name="verify_edit_allowed_without_active_stock" time="0.0">
    <skipped/>
  </testcase> <!-- verify_edit_allowed_without_active_stock -->
  <testcase classname="testCases.TC013_EditBlockedTest" name="verify_edit_blocked_with_active_stock" time="0.0">
    <skipped/>
  </testcase> <!-- verify_edit_blocked_with_active_stock -->
  <testcase classname="testCases.TC014_InactiveConfigTest" name="verify_inactive_config_success" time="0.0">
    <skipped/>
  </testcase> <!-- verify_inactive_config_success -->
  <testcase classname="testCases.TC015_InactiveBlockedTest" name="verify_inactive_blocked_with_active_product" time="0.0">
    <skipped/>
  </testcase> <!-- verify_inactive_blocked_with_active_product -->
  <testcase classname="testCases.TC016_SearchFunctionalityTest" name="verify_search_functionality" time="0.0">
    <skipped/>
  </testcase> <!-- verify_search_functionality -->
  <testcase classname="testCases.TC017_ProductMasterIntegrationTest" name="verify_product_master_integration" time="0.0">
    <skipped/>
  </testcase> <!-- verify_product_master_integration -->
  <testcase classname="testBase.BaseClass" name="@AfterSuite closeDriver" time="0.0">
    <ignored/>
  </testcase> <!-- @AfterSuite closeDriver -->
  <testcase classname="testBase.BaseClass" name="@AfterSuite closeDriver" time="0.0">
    <ignored/>
  </testcase> <!-- @AfterSuite closeDriver -->
  <testcase classname="testBase.BaseClass" name="@AfterSuite closeDriver" time="0.0">
    <ignored/>
  </testcase> <!-- @AfterSuite closeDriver -->
  <testcase classname="testBase.BaseClass" name="@AfterSuite closeDriver" time="0.0">
    <ignored/>
  </testcase> <!-- @AfterSuite closeDriver -->
  <testcase classname="testBase.BaseClass" name="@AfterSuite closeDriver" time="0.0">
    <ignored/>
  </testcase> <!-- @AfterSuite closeDriver -->
  <testcase classname="testBase.BaseClass" name="@AfterSuite closeDriver" time="0.0">
    <ignored/>
  </testcase> <!-- @AfterSuite closeDriver -->
  <testcase classname="testBase.BaseClass" name="@AfterSuite closeDriver" time="0.0">
    <ignored/>
  </testcase> <!-- @AfterSuite closeDriver -->
  <testcase classname="testBase.BaseClass" name="@AfterSuite closeDriver" time="0.0">
    <ignored/>
  </testcase> <!-- @AfterSuite closeDriver -->
</testsuite> <!-- Pack UOM Module Tests -->
