<?xml version="1.0" encoding="UTF-8"?>
<testng-results ignored="0" total="1" passed="0" failed="1" skipped="0">
  <reporter-output>
  </reporter-output>
  <suite started-at="2026-04-21T18:10:41 IST" name="Backorder Test Suite" finished-at="2026-04-21T18:11:40 IST" duration-ms="58722">
    <groups>
      <group name="Master">
        <method signature="TC050_BackorderRuleTest.verifyBackorderDisabledPutsOrderOnHold()[pri:0, instance:testCases.TC050_BackorderRuleTest@3c9c0d96]" name="verifyBackorderDisabledPutsOrderOnHold" class="testCases.TC050_BackorderRuleTest"/>
      </group> <!-- Master -->
      <group name="Regression">
        <method signature="TC050_BackorderRuleTest.verifyBackorderDisabledPutsOrderOnHold()[pri:0, instance:testCases.TC050_BackorderRuleTest@3c9c0d96]" name="verifyBackorderDisabledPutsOrderOnHold" class="testCases.TC050_BackorderRuleTest"/>
      </group> <!-- Regression -->
    </groups>
    <test started-at="2026-04-21T18:10:41 IST" name="Backorder Regression Tests" finished-at="2026-04-21T18:11:40 IST" duration-ms="58722">
      <class name="testCases.TC050_BackorderRuleTest">
        <test-method is-config="true" signature="setupClass(java.lang.String,java.lang.String)[pri:0, instance:testCases.TC050_BackorderRuleTest@3c9c0d96]" started-at="2026-04-21T18:10:41 IST" name="setupClass" finished-at="2026-04-21T18:10:41 IST" duration-ms="18" status="PASS">
          <params>
            <param index="0">
              <value>
                <![CDATA[linux]]>
              </value>
            </param>
            <param index="1">
              <value>
                <![CDATA[chrome]]>
              </value>
            </param>
          </params>
          <reporter-output>
          </reporter-output>
        </test-method> <!-- setupClass -->
        <test-method is-config="true" signature="setup(java.lang.String,java.lang.String,org.testng.ITestResult)[pri:0, instance:testCases.TC050_BackorderRuleTest@3c9c0d96]" started-at="2026-04-21T18:10:41 IST" name="setup" finished-at="2026-04-21T18:10:49 IST" duration-ms="7691" status="PASS">
          <params>
            <param index="0">
              <value>
                <![CDATA[linux]]>
              </value>
            </param>
            <param index="1">
              <value>
                <![CDATA[chrome]]>
              </value>
            </param>
            <param index="2">
              <value>
                <![CDATA[[TestResult name={null} status=CREATED method=TC050_BackorderRuleTest.verifyBackorderDisabledPutsOrderOnHold()[pri:0, instance:testCases.TC050_BackorderRuleTest@3c9c0d96] output={null}]]]>
              </value>
            </param>
          </params>
          <reporter-output>
          </reporter-output>
        </test-method> <!-- setup -->
        <test-method signature="verifyBackorderDisabledPutsOrderOnHold()[pri:0, instance:testCases.TC050_BackorderRuleTest@3c9c0d96]" started-at="2026-04-21T18:10:49 IST" name="verifyBackorderDisabledPutsOrderOnHold" finished-at="2026-04-21T18:11:39 IST" duration-ms="50850" status="FAIL">
          <exception class="java.lang.AssertionError">
            <message>
              <![CDATA[Test failed: Expected condition failed: waiting for element to be clickable: Proxy element for: DefaultElementLocator 'By.xpath: //span[normalize-space()='Product']' (tried for 15 second(s) with 500 milliseconds interval)]]>
            </message>
            <full-stacktrace>
              <![CDATA[java.lang.AssertionError: Test failed: Expected condition failed: waiting for element to be clickable: Proxy element for: DefaultElementLocator 'By.xpath: //span[normalize-space()='Product']' (tried for 15 second(s) with 500 milliseconds interval)
at org.testng.Assert.fail(Assert.java:111)
at testCases.TC050_BackorderRuleTest.verifyBackorderDisabledPutsOrderOnHold(TC050_BackorderRuleTest.java:118)
at java.base/jdk.internal.reflect.NativeMethodAccessorImpl.invoke0(Native Method)
at java.base/jdk.internal.reflect.NativeMethodAccessorImpl.invoke(NativeMethodAccessorImpl.java:62)
at java.base/jdk.internal.reflect.DelegatingMethodAccessorImpl.invoke(DelegatingMethodAccessorImpl.java:43)
at java.base/java.lang.reflect.Method.invoke(Method.java:566)
at org.testng.internal.invokers.MethodInvocationHelper.invokeMethod(MethodInvocationHelper.java:141)
at org.testng.internal.invokers.TestInvoker.invokeMethod(TestInvoker.java:686)
at org.testng.internal.invokers.TestInvoker.invokeTestMethod(TestInvoker.java:230)
at org.testng.internal.invokers.MethodRunner.runInSequence(MethodRunner.java:63)
at org.testng.internal.invokers.TestInvoker$MethodInvocationAgent.invoke(TestInvoker.java:992)
at org.testng.internal.invokers.TestInvoker.invokeTestMethods(TestInvoker.java:203)
at org.testng.internal.invokers.TestMethodWorker.invokeTestMethods(TestMethodWorker.java:154)
at org.testng.internal.invokers.TestMethodWorker.run(TestMethodWorker.java:134)
at java.base/java.util.ArrayList.forEach(ArrayList.java:1541)
at org.testng.TestRunner.privateRun(TestRunner.java:739)
at org.testng.TestRunner.run(TestRunner.java:614)
at org.testng.SuiteRunner.runTest(SuiteRunner.java:421)
at org.testng.SuiteRunner.runSequentially(SuiteRunner.java:413)
at org.testng.SuiteRunner.privateRun(SuiteRunner.java:373)
at org.testng.SuiteRunner.run(SuiteRunner.java:312)
at org.testng.SuiteRunnerWorker.runSuite(SuiteRunnerWorker.java:52)
at org.testng.SuiteRunnerWorker.run(SuiteRunnerWorker.java:95)
at org.testng.TestNG.runSuitesSequentially(TestNG.java:1274)
at org.testng.TestNG.runSuitesLocally(TestNG.java:1208)
at org.testng.TestNG.runSuites(TestNG.java:1112)
at org.testng.TestNG.run(TestNG.java:1079)
at org.testng.remote.AbstractRemoteTestNG.run(AbstractRemoteTestNG.java:115)
at org.testng.remote.RemoteTestNG.initAndRun(RemoteTestNG.java:293)
at org.testng.remote.RemoteTestNG.main(RemoteTestNG.java:91)
]]>
            </full-stacktrace>
          </exception> <!-- java.lang.AssertionError -->
          <reporter-output>
          </reporter-output>
        </test-method> <!-- verifyBackorderDisabledPutsOrderOnHold -->
        <test-method is-config="true" signature="tearDown(org.testng.ITestResult)[pri:0, instance:testCases.TC050_BackorderRuleTest@3c9c0d96]" started-at="2026-04-21T18:11:39 IST" name="tearDown" finished-at="2026-04-21T18:11:40 IST" duration-ms="117" status="PASS">
          <params>
            <param index="0">
              <value>
                <![CDATA[[TestResult name=verifyBackorderDisabledPutsOrderOnHold status=FAILURE method=TC050_BackorderRuleTest.verifyBackorderDisabledPutsOrderOnHold()[pri:0, instance:testCases.TC050_BackorderRuleTest@3c9c0d96] output={null}]]]>
              </value>
            </param>
          </params>
          <reporter-output>
          </reporter-output>
        </test-method> <!-- tearDown -->
        <test-method is-config="true" signature="tearDownClass()[pri:0, instance:testCases.TC050_BackorderRuleTest@3c9c0d96]" started-at="2026-04-21T18:11:40 IST" name="tearDownClass" finished-at="2026-04-21T18:11:40 IST" duration-ms="1" status="PASS">
          <reporter-output>
          </reporter-output>
        </test-method> <!-- tearDownClass -->
        <test-method is-config="true" signature="closeDriver()[pri:0, instance:testCases.TC050_BackorderRuleTest@3c9c0d96]" started-at="2026-04-21T18:11:40 IST" name="closeDriver" finished-at="2026-04-21T18:11:40 IST" duration-ms="6" status="PASS">
          <reporter-output>
          </reporter-output>
        </test-method> <!-- closeDriver -->
      </class> <!-- testCases.TC050_BackorderRuleTest -->
    </test> <!-- Backorder Regression Tests -->
  </suite> <!-- Backorder Test Suite -->
</testng-results>
