<?xml version="1.0" encoding="UTF-8"?>
<!-- Generated by org.testng.reporters.JUnitReportReporter -->
<testsuite hostname="user1-H310M-H" failures="0" tests="12" name="testCases.TC003_SigninNegativeTest" time="654.545" errors="0" timestamp="2026-04-20T12:42:30 IST" skipped="0">
  <testcase classname="testCases.TC003_SigninNegativeTest" name="verify_signin_fails_with_invalid_username" time="70.360"/>
  <testcase classname="testCases.TC003_SigninNegativeTest" name="verify_signin_fails_with_invalid_password" time="69.039"/>
  <testcase classname="testCases.TC003_SigninNegativeTest" name="verify_signin_fails_with_both_invalid_credentials" time="69.088"/>
  <testcase classname="testCases.TC003_SigninNegativeTest" name="verify_signin_fails_with_empty_username" time="68.947"/>
  <testcase classname="testCases.TC003_SigninNegativeTest" name="verify_signin_fails_with_empty_password" time="68.971"/>
  <testcase classname="testCases.TC003_SigninNegativeTest" name="verify_signin_fails_with_both_fields_empty" time="69.092"/>
  <testcase classname="testCases.TC003_SigninNegativeTest" name="verify_signin_fails_with_sql_injection_in_username" time="39.252"/>
  <testcase classname="testCases.TC003_SigninNegativeTest" name="verify_signin_fails_with_xss_attempt_in_username" time="39.530"/>
  <testcase classname="testCases.TC003_SigninNegativeTest" name="verify_signin_fails_with_very_long_username" time="7.909"/>
  <testcase classname="testCases.TC003_SigninNegativeTest" name="verify_signin_fails_with_username_containing_only_spaces" time="74.024"/>
  <testcase classname="testCases.TC003_SigninNegativeTest" name="verify_signin_fails_with_case_sensitive_password_mismatch" time="38.549"/>
  <testcase classname="testCases.TC003_SigninNegativeTest" name="verify_signin_fails_with_invalid_password_format" time="39.784"/>
</testsuite> <!-- testCases.TC003_SigninNegativeTest -->
