<?xml version="1.0" encoding="UTF-8"?>
<!-- Generated by org.testng.reporters.JUnitReportReporter -->
<testsuite hostname="user1-H310M-H" failures="0" tests="6" name="testCases.TC002_SigninPositiveTest" time="77.606" errors="0" timestamp="2026-04-13T11:08:00 IST" skipped="1">
  <testcase classname="testCases.TC002_SigninPositiveTest" name="verify_successful_signin_with_valid_credentials" time="12.466"/>
  <testcase classname="testCases.TC002_SigninPositiveTest" name="verify_signin_with_alphanumeric_username" time="18.178"/>
  <testcase classname="testCases.TC002_SigninPositiveTest" name="verify_signin_with_minimum_length_password" time="15.636"/>
  <testcase classname="testCases.TC002_SigninPositiveTest" name="verify_signin_button_enabled_when_fields_filled" time="14.212"/>
  <testcase classname="testCases.TC002_SigninPositiveTest" name="verify_successful_signin_and_user_session" time="17.114"/>
  <testcase classname="testCases.TC002_SigninPositiveTest" name="verify_signin_with_username_containing_underscore">
    <skipped/>
  </testcase> <!-- verify_signin_with_username_containing_underscore -->
</testsuite> <!-- testCases.TC002_SigninPositiveTest -->
