<?xml version="1.0" encoding="UTF-8"?>
<!-- Generated by org.testng.reporters.JUnitReportReporter -->
<testsuite hostname="user1-H310M-H" failures="0" tests="12" name="testCases.TC003_SigninNegativeTest" time="689.575" errors="0" timestamp="2026-04-13T11:08:00 IST" skipped="0">
  <testcase classname="testCases.TC003_SigninNegativeTest" name="verify_signin_fails_with_invalid_username" time="70.398"/>
  <testcase classname="testCases.TC003_SigninNegativeTest" name="verify_signin_fails_with_invalid_password" time="70.946"/>
  <testcase classname="testCases.TC003_SigninNegativeTest" name="verify_signin_fails_with_both_invalid_credentials" time="71.018"/>
  <testcase classname="testCases.TC003_SigninNegativeTest" name="verify_signin_fails_with_empty_username" time="70.936"/>
  <testcase classname="testCases.TC003_SigninNegativeTest" name="verify_signin_fails_with_empty_password" time="69.046"/>
  <testcase classname="testCases.TC003_SigninNegativeTest" name="verify_signin_fails_with_both_fields_empty" time="69.364"/>
  <testcase classname="testCases.TC003_SigninNegativeTest" name="verify_signin_fails_with_sql_injection_in_username" time="39.137"/>
  <testcase classname="testCases.TC003_SigninNegativeTest" name="verify_signin_fails_with_xss_attempt_in_username" time="71.850"/>
  <testcase classname="testCases.TC003_SigninNegativeTest" name="verify_signin_fails_with_very_long_username" time="8.670"/>
  <testcase classname="testCases.TC003_SigninNegativeTest" name="verify_signin_fails_with_username_containing_only_spaces" time="69.274"/>
  <testcase classname="testCases.TC003_SigninNegativeTest" name="verify_signin_fails_with_case_sensitive_password_mismatch" time="38.469"/>
  <testcase classname="testCases.TC003_SigninNegativeTest" name="verify_signin_fails_with_invalid_password_format" time="40.467"/>
</testsuite> <!-- testCases.TC003_SigninNegativeTest -->
