<?xml version="1.0" encoding="UTF-8"?>
<!-- Generated by org.testng.reporters.JUnitReportReporter -->
<testsuite hostname="user1-H310M-H" failures="0" tests="6" name="testCases.TC002_SigninPositiveTest" time="64.584" errors="0" timestamp="2026-04-20T12:42:30 IST" skipped="1">
  <testcase classname="testCases.TC002_SigninPositiveTest" name="verify_successful_signin_with_valid_credentials" time="11.485"/>
  <testcase classname="testCases.TC002_SigninPositiveTest" name="verify_signin_with_alphanumeric_username" time="12.302"/>
  <testcase classname="testCases.TC002_SigninPositiveTest" name="verify_signin_with_minimum_length_password" time="13.138"/>
  <testcase classname="testCases.TC002_SigninPositiveTest" name="verify_signin_button_enabled_when_fields_filled" time="13.289"/>
  <testcase classname="testCases.TC002_SigninPositiveTest" name="verify_successful_signin_and_user_session" time="14.370"/>
  <testcase classname="testCases.TC002_SigninPositiveTest" name="verify_signin_with_username_containing_underscore">
    <skipped/>
  </testcase> <!-- verify_signin_with_username_containing_underscore -->
</testsuite> <!-- testCases.TC002_SigninPositiveTest -->
